<?xml version="1.0" encoding="UTF-8"?>
<!-- Generated by org.testng.reporters.JUnitReportReporter -->
<testsuite hostname="DESKTOP-3E939NH" failures="0" tests="2" name="TestRunner.MyTestRunner" time="8.224" errors="0" timestamp="2024-03-17T00:32:35 IST" skipped="0">
  <testcase classname="TestRunner.MyTestRunner" name="runScenario" time="5.575"/>
  <testcase classname="TestRunner.MyTestRunner" name="runScenario" time="2.649"/>
</testsuite> <!-- TestRunner.MyTestRunner -->
