<?xml version="1.0" encoding="UTF-8"?>
<!-- Generated by org.testng.reporters.JUnitReportReporter -->
<testsuite hostname="DESKTOP-3E939NH" failures="0" tests="2" name="TestRunner.MyTestRunner" time="8.045" errors="0" timestamp="2024-03-17T02:35:28 IST" skipped="0">
  <testcase classname="TestRunner.MyTestRunner" name="runScenario" time="5.157"/>
  <testcase classname="TestRunner.MyTestRunner" name="runScenario" time="2.888"/>
</testsuite> <!-- TestRunner.MyTestRunner -->
