<?xml version="1.0" encoding="UTF-8"?>
<!-- Generated by org.testng.reporters.JUnitReportReporter -->
<testsuite hostname="DESKTOP-3E939NH" failures="0" tests="2" name="TestRunner.MyTestRunner" time="6.252" errors="0" timestamp="2024-03-17T01:35:34 IST" skipped="0">
  <testcase classname="TestRunner.MyTestRunner" name="runScenario" time="2.613"/>
  <testcase classname="TestRunner.MyTestRunner" name="runScenario" time="3.639"/>
</testsuite> <!-- TestRunner.MyTestRunner -->
