<?xml version="1.0" encoding="UTF-8"?>
<!-- Generated by org.testng.reporters.JUnitReportReporter -->
<testsuite hostname="DESKTOP-3E939NH" failures="0" tests="2" name="TestRunner.MyTestRunner" time="7.236" errors="0" timestamp="2024-03-17T03:14:17 IST" skipped="0">
  <testcase classname="TestRunner.MyTestRunner" name="runScenario" time="4.553"/>
  <testcase classname="TestRunner.MyTestRunner" name="runScenario" time="2.683"/>
</testsuite> <!-- TestRunner.MyTestRunner -->
